<?xml version="1.0" encoding="UTF-8"?>
<!-- Generated by org.testng.reporters.JUnitReportReporter -->
<testsuite skipped="0" hostname="Karthik-PC" name="com.leafBot.testcases.TC001_LoginLogout" tests="2" failures="0" timestamp="08 Sep 2019 11:05:48 GMT" time="54.005" errors="0">
  <testcase name="runTC001" time="24.407" classname="com.leafBot.testcases.TC001_LoginLogout"/>
  <testcase name="runTC001" time="29.598" classname="com.leafBot.testcases.TC001_LoginLogout"/>
</testsuite> <!-- com.leafBot.testcases.TC001_LoginLogout -->
